<?xml version="1.0" encoding="UTF-8"?>
<testng-results ignored="0" total="1" passed="1" failed="0" skipped="0">
  <reporter-output>
  </reporter-output>
  <suite started-at="2023-05-22T12:55:34 IST" name="Suite" finished-at="2023-05-22T12:55:34 IST" duration-ms="267">
    <groups>
      <group name="cucumber">
        <method signature="AbstractTestNGCucumberTests.runScenario(io.cucumber.testng.PickleWrapper,io.cucumber.testng.FeatureWrapper)[pri:0, instance:Runner@35dab4eb]" name="runScenario" class="io.cucumber.testng.AbstractTestNGCucumberTests"/>
      </group> <!-- cucumber -->
    </groups>
    <test started-at="2023-05-22T12:55:34 IST" name="Test" finished-at="2023-05-22T12:55:34 IST" duration-ms="267">
      <class name="Runner">
        <test-method is-config="true" signature="setUpClass(org.testng.ITestContext)[pri:0, instance:Runner@35dab4eb]" started-at="2023-05-22T12:55:34 IST" name="setUpClass" finished-at="2023-05-22T12:55:34 IST" duration-ms="199" status="PASS">
          <params>
            <param index="0">
              <value>
                <![CDATA[org.testng.TestRunner@2b491fee]]>
              </value>
            </param>
          </params>
          <reporter-output>
          </reporter-output>
        </test-method> <!-- setUpClass -->
        <test-method signature="runScenario(io.cucumber.testng.PickleWrapper,io.cucumber.testng.FeatureWrapper)[pri:0, instance:Runner@35dab4eb]" started-at="2023-05-22T12:55:34 IST" name="runScenario" description="Runs Cucumber Scenarios" data-provider="scenarios" finished-at="2023-05-22T12:55:34 IST" duration-ms="42" status="PASS">
          <params>
            <param index="0">
              <value>
                <![CDATA["Search in Nykaa Website with valid Data"]]>
              </value>
            </param>
            <param index="1">
              <value>
                <![CDATA["Login feature"]]>
              </value>
            </param>
          </params>
          <reporter-output>
          </reporter-output>
        </test-method> <!-- runScenario -->
        <test-method is-config="true" signature="tearDownClass()[pri:0, instance:Runner@35dab4eb]" started-at="2023-05-22T12:55:34 IST" name="tearDownClass" finished-at="2023-05-22T12:55:34 IST" duration-ms="1" status="PASS">
          <reporter-output>
          </reporter-output>
        </test-method> <!-- tearDownClass -->
      </class> <!-- Runner -->
    </test> <!-- Test -->
  </suite> <!-- Suite -->
</testng-results>
